0 info it worked if it ends with ok
1 verbose cli [ '/usr/bin/node',
1 verbose cli   '/usr/bin/npm',
1 verbose cli   'install',
1 verbose cli   '--global',
1 verbose cli   'rollup' ]
2 info using npm@3.5.2
3 info using node@v8.10.0
4 silly loadCurrentTree Starting
5 silly install loadCurrentTree
6 silly install readGlobalPackageData
7 silly fetchPackageMetaData rollup
8 silly fetchNamedPackageData rollup
9 silly mapToRegistry name rollup
10 silly mapToRegistry using default registry
11 silly mapToRegistry registry https://registry.npmjs.org/
12 silly mapToRegistry uri https://registry.npmjs.org/rollup
13 verbose request uri https://registry.npmjs.org/rollup
14 verbose request no auth needed
15 info attempt registry request try #1 at 6:54:56 PM
16 verbose request using bearer token for auth
17 verbose request id 7e4461db75e6d0ee
18 verbose etag W/"e6adcfe28aab0447cfb06bfeecc3d6c5"
19 verbose lastModified Fri, 08 Mar 2019 05:29:02 GMT
20 http request GET https://registry.npmjs.org/rollup
21 http 304 https://registry.npmjs.org/rollup
22 verbose headers { date: 'Sat, 09 Mar 2019 13:24:57 GMT',
22 verbose headers   connection: 'keep-alive',
22 verbose headers   'set-cookie':
22 verbose headers    [ '__cfduid=ddc36a09d216fe7f833dcf965c3e5336a1552137897; expires=Sun, 08-Mar-20 13:24:57 GMT; path=/; domain=.registry.npmjs.org; HttpOnly' ],
22 verbose headers   'cf-cache-status': 'HIT',
22 verbose headers   'cache-control': 'max-age=300',
22 verbose headers   'cf-ray': '4b4d5f45ba182f1d-DEL',
22 verbose headers   etag: '"e6adcfe28aab0447cfb06bfeecc3d6c5"',
22 verbose headers   'expect-ct': 'max-age=604800, report-uri="https://report-uri.cloudflare.com/cdn-cgi/beacon/expect-ct"',
22 verbose headers   'last-modified': 'Fri, 08 Mar 2019 05:29:02 GMT',
22 verbose headers   vary: 'accept-encoding, accept',
22 verbose headers   'x-amz-meta-rev': '402-4908cf8eaa476fb594a313625108586f',
22 verbose headers   server: 'cloudflare' }
23 silly get cb [ 304,
23 silly get   { date: 'Sat, 09 Mar 2019 13:24:57 GMT',
23 silly get     connection: 'keep-alive',
23 silly get     'set-cookie':
23 silly get      [ '__cfduid=ddc36a09d216fe7f833dcf965c3e5336a1552137897; expires=Sun, 08-Mar-20 13:24:57 GMT; path=/; domain=.registry.npmjs.org; HttpOnly' ],
23 silly get     'cf-cache-status': 'HIT',
23 silly get     'cache-control': 'max-age=300',
23 silly get     'cf-ray': '4b4d5f45ba182f1d-DEL',
23 silly get     etag: '"e6adcfe28aab0447cfb06bfeecc3d6c5"',
23 silly get     'expect-ct': 'max-age=604800, report-uri="https://report-uri.cloudflare.com/cdn-cgi/beacon/expect-ct"',
23 silly get     'last-modified': 'Fri, 08 Mar 2019 05:29:02 GMT',
23 silly get     vary: 'accept-encoding, accept',
23 silly get     'x-amz-meta-rev': '402-4908cf8eaa476fb594a313625108586f',
23 silly get     server: 'cloudflare' } ]
24 verbose etag https://registry.npmjs.org/rollup from cache
25 verbose get saving rollup to /home/krishna/.npm/registry.npmjs.org/rollup/.cache.json
26 silly install normalizeTree
27 silly loadCurrentTree Finishing
28 silly loadIdealTree Starting
29 silly install loadIdealTree
30 silly cloneCurrentTree Starting
31 silly install cloneCurrentTreeToIdealTree
32 silly cloneCurrentTree Finishing
33 silly loadShrinkwrap Starting
34 silly install loadShrinkwrap
35 silly loadShrinkwrap Finishing
36 silly loadAllDepsIntoIdealTree Starting
37 silly install loadAllDepsIntoIdealTree
38 silly resolveWithNewModule rollup@1.6.0 checking installable status
39 silly cache add args [ 'rollup', null ]
40 verbose cache add spec rollup
41 silly cache add parsed spec Result {
41 silly cache add   raw: 'rollup',
41 silly cache add   scope: null,
41 silly cache add   name: 'rollup',
41 silly cache add   rawSpec: '',
41 silly cache add   spec: 'latest',
41 silly cache add   type: 'tag' }
42 silly addNamed rollup@latest
43 verbose addNamed "latest" is being treated as a dist-tag for rollup
44 info addNameTag [ 'rollup', 'latest' ]
45 silly mapToRegistry name rollup
46 silly mapToRegistry using default registry
47 silly mapToRegistry registry https://registry.npmjs.org/
48 silly mapToRegistry uri https://registry.npmjs.org/rollup
49 verbose addNameTag registry:https://registry.npmjs.org/rollup not in flight; fetching
50 verbose get https://registry.npmjs.org/rollup not expired, no request
51 silly addNameTag next cb for rollup with tag latest
52 silly addNamed rollup@1.6.0
53 verbose addNamed "1.6.0" is a plain semver version for rollup
54 silly mapToRegistry name rollup
55 silly mapToRegistry using default registry
56 silly mapToRegistry registry https://registry.npmjs.org/
57 silly mapToRegistry uri https://registry.npmjs.org/rollup
58 verbose addRemoteTarball https://registry.npmjs.org/rollup/-/rollup-1.6.0.tgz not in flight; adding
59 verbose addRemoteTarball [ 'https://registry.npmjs.org/rollup/-/rollup-1.6.0.tgz',
59 verbose addRemoteTarball   '4329f4634718197c678d18491724d50d8b7ee76c' ]
60 info retry fetch attempt 1 at 6:54:58 PM
61 info attempt registry request try #1 at 6:54:58 PM
62 http fetch GET https://registry.npmjs.org/rollup/-/rollup-1.6.0.tgz
63 verbose request using bearer token for auth
64 http fetch 200 https://registry.npmjs.org/rollup/-/rollup-1.6.0.tgz
65 silly fetchAndShaCheck shasum 4329f4634718197c678d18491724d50d8b7ee76c
66 verbose addTmpTarball /tmp/npm-2352-c9addd76/registry.npmjs.org/rollup/-/rollup-1.6.0.tgz not in flight; adding
67 verbose addTmpTarball already have metadata; skipping unpack for rollup@1.6.0
68 silly cache afterAdd rollup@1.6.0
69 verbose afterAdd /home/krishna/.npm/rollup/1.6.0/package/package.json not in flight; writing
70 verbose afterAdd /home/krishna/.npm/rollup/1.6.0/package/package.json written
71 silly fetchNamedPackageData @types/estree
72 silly mapToRegistry name @types/estree
73 silly mapToRegistry scope (from package name) @types
74 verbose mapToRegistry no registry URL found in name for scope @types
75 silly mapToRegistry using default registry
76 silly mapToRegistry registry https://registry.npmjs.org/
77 silly mapToRegistry uri https://registry.npmjs.org/@types%2festree
78 silly fetchNamedPackageData @types/node
79 silly mapToRegistry name @types/node
80 silly mapToRegistry scope (from package name) @types
81 verbose mapToRegistry no registry URL found in name for scope @types
82 silly mapToRegistry using default registry
83 silly mapToRegistry registry https://registry.npmjs.org/
84 silly mapToRegistry uri https://registry.npmjs.org/@types%2fnode
85 silly fetchNamedPackageData acorn
86 silly mapToRegistry name acorn
87 silly mapToRegistry using default registry
88 silly mapToRegistry registry https://registry.npmjs.org/
89 silly mapToRegistry uri https://registry.npmjs.org/acorn
90 verbose request uri https://registry.npmjs.org/acorn
91 verbose request no auth needed
92 info attempt registry request try #1 at 6:55:03 PM
93 verbose request using bearer token for auth
94 verbose etag W/"027c654dae79115ec168504ff9d1974c"
95 verbose lastModified Wed, 27 Feb 2019 07:12:02 GMT
96 http request GET https://registry.npmjs.org/acorn
97 verbose request uri https://registry.npmjs.org/@types%2fnode
98 verbose request no auth needed
99 info attempt registry request try #1 at 6:55:03 PM
100 verbose request using bearer token for auth
101 verbose etag W/"f11cd0588d05d1cc189610d0f49348d3"
102 verbose lastModified Fri, 08 Mar 2019 23:04:31 GMT
103 http request GET https://registry.npmjs.org/@types%2fnode
104 verbose request uri https://registry.npmjs.org/@types%2festree
105 verbose request no auth needed
106 info attempt registry request try #1 at 6:55:03 PM
107 verbose request using bearer token for auth
108 verbose etag W/"36997c0e3474fca604e8efa01cf2560f"
109 verbose lastModified Thu, 31 Jan 2019 23:05:47 GMT
110 http request GET https://registry.npmjs.org/@types%2festree
111 http 304 https://registry.npmjs.org/acorn
112 verbose headers { date: 'Sat, 09 Mar 2019 13:25:03 GMT',
112 verbose headers   connection: 'keep-alive',
112 verbose headers   'set-cookie':
112 verbose headers    [ '__cfduid=d26529ac3d20b2696ce4a4c62848f9c821552137903; expires=Sun, 08-Mar-20 13:25:03 GMT; path=/; domain=.registry.npmjs.org; HttpOnly' ],
112 verbose headers   'cf-cache-status': 'HIT',
112 verbose headers   'cache-control': 'max-age=300',
112 verbose headers   'cf-ray': '4b4d5f69bf792f1d-DEL',
112 verbose headers   etag: '"027c654dae79115ec168504ff9d1974c"',
112 verbose headers   'expect-ct': 'max-age=604800, report-uri="https://report-uri.cloudflare.com/cdn-cgi/beacon/expect-ct"',
112 verbose headers   'last-modified': 'Wed, 27 Feb 2019 07:12:02 GMT',
112 verbose headers   vary: 'accept-encoding, accept',
112 verbose headers   'x-amz-meta-rev': '160-c2a53cb08a4c4dc10c4f45fdd98441e5',
112 verbose headers   server: 'cloudflare' }
113 silly get cb [ 304,
113 silly get   { date: 'Sat, 09 Mar 2019 13:25:03 GMT',
113 silly get     connection: 'keep-alive',
113 silly get     'set-cookie':
113 silly get      [ '__cfduid=d26529ac3d20b2696ce4a4c62848f9c821552137903; expires=Sun, 08-Mar-20 13:25:03 GMT; path=/; domain=.registry.npmjs.org; HttpOnly' ],
113 silly get     'cf-cache-status': 'HIT',
113 silly get     'cache-control': 'max-age=300',
113 silly get     'cf-ray': '4b4d5f69bf792f1d-DEL',
113 silly get     etag: '"027c654dae79115ec168504ff9d1974c"',
113 silly get     'expect-ct': 'max-age=604800, report-uri="https://report-uri.cloudflare.com/cdn-cgi/beacon/expect-ct"',
113 silly get     'last-modified': 'Wed, 27 Feb 2019 07:12:02 GMT',
113 silly get     vary: 'accept-encoding, accept',
113 silly get     'x-amz-meta-rev': '160-c2a53cb08a4c4dc10c4f45fdd98441e5',
113 silly get     server: 'cloudflare' } ]
114 verbose etag https://registry.npmjs.org/acorn from cache
115 verbose get saving acorn to /home/krishna/.npm/registry.npmjs.org/acorn/.cache.json
116 silly resolveWithNewModule acorn@6.1.1 checking installable status
117 silly cache add args [ 'acorn@^6.1.1', null ]
118 verbose cache add spec acorn@^6.1.1
119 silly cache add parsed spec Result {
119 silly cache add   raw: 'acorn@^6.1.1',
119 silly cache add   scope: null,
119 silly cache add   name: 'acorn',
119 silly cache add   rawSpec: '^6.1.1',
119 silly cache add   spec: '>=6.1.1 <7.0.0',
119 silly cache add   type: 'range' }
120 silly addNamed acorn@>=6.1.1 <7.0.0
121 verbose addNamed ">=6.1.1 <7.0.0" is a valid semver range for acorn
122 silly addNameRange { name: 'acorn', range: '>=6.1.1 <7.0.0', hasData: false }
123 silly mapToRegistry name acorn
124 silly mapToRegistry using default registry
125 silly mapToRegistry registry https://registry.npmjs.org/
126 silly mapToRegistry uri https://registry.npmjs.org/acorn
127 verbose addNameRange registry:https://registry.npmjs.org/acorn not in flight; fetching
128 verbose get https://registry.npmjs.org/acorn not expired, no request
129 silly addNameRange number 2 { name: 'acorn', range: '>=6.1.1 <7.0.0', hasData: true }
130 silly addNameRange versions [ 'acorn',
130 silly addNameRange   [ '0.0.1',
130 silly addNameRange     '0.1.0',
130 silly addNameRange     '0.2.0',
130 silly addNameRange     '0.3.0',
130 silly addNameRange     '0.3.1',
130 silly addNameRange     '0.4.0',
130 silly addNameRange     '0.4.2',
130 silly addNameRange     '0.5.0',
130 silly addNameRange     '0.6.0',
130 silly addNameRange     '0.7.0',
130 silly addNameRange     '0.8.0',
130 silly addNameRange     '0.9.0',
130 silly addNameRange     '0.10.0',
130 silly addNameRange     '0.11.0',
130 silly addNameRange     '0.12.0',
130 silly addNameRange     '1.0.0',
130 silly addNameRange     '1.0.1',
130 silly addNameRange     '1.0.3',
130 silly addNameRange     '1.1.0',
130 silly addNameRange     '1.2.0',
130 silly addNameRange     '2.0.0',
130 silly addNameRange     '1.2.1',
130 silly addNameRange     '2.0.1',
130 silly addNameRange     '1.2.2',
130 silly addNameRange     '2.0.4',
130 silly addNameRange     '2.1.0',
130 silly addNameRange     '2.2.0',
130 silly addNameRange     '2.3.0',
130 silly addNameRange     '2.4.0',
130 silly addNameRange     '2.5.0',
130 silly addNameRange     '2.5.2',
130 silly addNameRange     '2.6.0',
130 silly addNameRange     '2.6.2',
130 silly addNameRange     '2.6.4',
130 silly addNameRange     '2.7.0',
130 silly addNameRange     '3.0.0',
130 silly addNameRange     '3.0.2',
130 silly addNameRange     '3.0.4',
130 silly addNameRange     '3.1.0',
130 silly addNameRange     '3.2.0',
130 silly addNameRange     '3.3.0',
130 silly addNameRange     '4.0.0',
130 silly addNameRange     '4.0.1',
130 silly addNameRange     '4.0.2',
130 silly addNameRange     '4.0.3',
130 silly addNameRange     '4.0.4',
130 silly addNameRange     '4.0.5',
130 silly addNameRange     '4.0.6',
130 silly addNameRange     '4.0.7',
130 silly addNameRange     '4.0.8',
130 silly addNameRange     '4.0.9',
130 silly addNameRange     '4.0.10',
130 silly addNameRange     '4.0.11',
130 silly addNameRange     '5.0.0',
130 silly addNameRange     '5.0.1',
130 silly addNameRange     '5.0.2',
130 silly addNameRange     '5.0.3',
130 silly addNameRange     '4.0.13',
130 silly addNameRange     '5.1.0',
130 silly addNameRange     '5.1.1',
130 silly addNameRange     '5.1.2',
130 silly addNameRange     '5.2.0',
130 silly addNameRange     '5.2.1',
130 silly addNameRange     '5.3.0',
130 silly addNameRange     '5.4.0',
130 silly addNameRange     '5.4.1',
130 silly addNameRange     '5.5.0',
130 silly addNameRange     '5.5.1',
130 silly addNameRange     '5.5.2',
130 silly addNameRange     '5.5.3',
130 silly addNameRange     '5.6.0',
130 silly addNameRange     '5.6.1',
130 silly addNameRange     '5.6.2',
130 silly addNameRange     '5.7.0',
130 silly addNameRange     '5.7.1',
130 silly addNameRange     '5.7.2',
130 silly addNameRange     '5.7.3',
130 silly addNameRange     '6.0.0',
130 silly addNameRange     '6.0.1',
130 silly addNameRange     '6.0.2',
130 silly addNameRange     '6.0.3',
130 silly addNameRange     '6.0.4',
130 silly addNameRange     '6.0.5',
130 silly addNameRange     '6.0.6',
130 silly addNameRange     '6.0.7',
130 silly addNameRange     '6.1.0',
130 silly addNameRange     '6.1.1' ] ]
131 silly addNamed acorn@6.1.1
132 verbose addNamed "6.1.1" is a plain semver version for acorn
133 silly mapToRegistry name acorn
134 silly mapToRegistry using default registry
135 silly mapToRegistry registry https://registry.npmjs.org/
136 silly mapToRegistry uri https://registry.npmjs.org/acorn
137 verbose addRemoteTarball https://registry.npmjs.org/acorn/-/acorn-6.1.1.tgz not in flight; adding
138 verbose addRemoteTarball [ 'https://registry.npmjs.org/acorn/-/acorn-6.1.1.tgz',
138 verbose addRemoteTarball   '7d25ae05bb8ad1f9b699108e1094ecd7884adc1f' ]
139 info retry fetch attempt 1 at 6:55:03 PM
140 info attempt registry request try #1 at 6:55:03 PM
141 http fetch GET https://registry.npmjs.org/acorn/-/acorn-6.1.1.tgz
142 verbose request using bearer token for auth
143 http fetch 200 https://registry.npmjs.org/acorn/-/acorn-6.1.1.tgz
144 http 304 https://registry.npmjs.org/@types%2fnode
145 verbose headers { date: 'Sat, 09 Mar 2019 13:25:04 GMT',
145 verbose headers   connection: 'keep-alive',
145 verbose headers   'set-cookie':
145 verbose headers    [ '__cfduid=d70c81dcb24057a8470f2b10ce54defae1552137904; expires=Sun, 08-Mar-20 13:25:04 GMT; path=/; domain=.registry.npmjs.org; HttpOnly' ],
145 verbose headers   'cf-cache-status': 'HIT',
145 verbose headers   'cache-control': 'public, max-age=300',
145 verbose headers   'cf-ray': '4b4d5f6e1de32f11-DEL',
145 verbose headers   etag: '"f11cd0588d05d1cc189610d0f49348d3"',
145 verbose headers   'expect-ct': 'max-age=604800, report-uri="https://report-uri.cloudflare.com/cdn-cgi/beacon/expect-ct"',
145 verbose headers   'last-modified': 'Fri, 08 Mar 2019 23:04:31 GMT',
145 verbose headers   vary: 'Accept-Encoding',
145 verbose headers   'x-amz-meta-rev': '2820-6ce648830b7c0b99fe56d9ece7e9fecf',
145 verbose headers   server: 'cloudflare' }
146 silly get cb [ 304,
146 silly get   { date: 'Sat, 09 Mar 2019 13:25:04 GMT',
146 silly get     connection: 'keep-alive',
146 silly get     'set-cookie':
146 silly get      [ '__cfduid=d70c81dcb24057a8470f2b10ce54defae1552137904; expires=Sun, 08-Mar-20 13:25:04 GMT; path=/; domain=.registry.npmjs.org; HttpOnly' ],
146 silly get     'cf-cache-status': 'HIT',
146 silly get     'cache-control': 'public, max-age=300',
146 silly get     'cf-ray': '4b4d5f6e1de32f11-DEL',
146 silly get     etag: '"f11cd0588d05d1cc189610d0f49348d3"',
146 silly get     'expect-ct': 'max-age=604800, report-uri="https://report-uri.cloudflare.com/cdn-cgi/beacon/expect-ct"',
146 silly get     'last-modified': 'Fri, 08 Mar 2019 23:04:31 GMT',
146 silly get     vary: 'Accept-Encoding',
146 silly get     'x-amz-meta-rev': '2820-6ce648830b7c0b99fe56d9ece7e9fecf',
146 silly get     server: 'cloudflare' } ]
147 verbose etag https://registry.npmjs.org/@types%2fnode from cache
148 verbose get saving @types/node to /home/krishna/.npm/registry.npmjs.org/_40types_252fnode/.cache.json
149 silly resolveWithNewModule @types/node@11.11.0 checking installable status
150 silly cache add args [ '@types/node@^11.9.5', null ]
151 verbose cache add spec @types/node@^11.9.5
152 silly cache add parsed spec Result {
152 silly cache add   raw: '@types/node@^11.9.5',
152 silly cache add   scope: '@types',
152 silly cache add   name: '@types/node',
152 silly cache add   rawSpec: '^11.9.5',
152 silly cache add   spec: '>=11.9.5 <12.0.0',
152 silly cache add   type: 'range' }
153 silly addNamed @types/node@>=11.9.5 <12.0.0
154 verbose addNamed ">=11.9.5 <12.0.0" is a valid semver range for @types/node
155 silly addNameRange { name: '@types/node',
155 silly addNameRange   range: '>=11.9.5 <12.0.0',
155 silly addNameRange   hasData: false }
156 silly mapToRegistry name @types/node
157 silly mapToRegistry scope (from package name) @types
158 verbose mapToRegistry no registry URL found in name for scope @types
159 silly mapToRegistry using default registry
160 silly mapToRegistry registry https://registry.npmjs.org/
161 silly mapToRegistry uri https://registry.npmjs.org/@types%2fnode
162 verbose addNameRange registry:https://registry.npmjs.org/@types%2fnode not in flight; fetching
163 http 304 https://registry.npmjs.org/@types%2festree
164 verbose headers { date: 'Sat, 09 Mar 2019 13:25:04 GMT',
164 verbose headers   connection: 'keep-alive',
164 verbose headers   'set-cookie':
164 verbose headers    [ '__cfduid=d692ff20a244d55221ca2a91efeef0e6a1552137904; expires=Sun, 08-Mar-20 13:25:04 GMT; path=/; domain=.registry.npmjs.org; HttpOnly' ],
164 verbose headers   'cf-cache-status': 'HIT',
164 verbose headers   'cache-control': 'public, max-age=300',
164 verbose headers   'cf-ray': '4b4d5f6e29582f17-DEL',
164 verbose headers   etag: '"36997c0e3474fca604e8efa01cf2560f"',
164 verbose headers   'expect-ct': 'max-age=604800, report-uri="https://report-uri.cloudflare.com/cdn-cgi/beacon/expect-ct"',
164 verbose headers   'last-modified': 'Thu, 31 Jan 2019 23:05:47 GMT',
164 verbose headers   vary: 'Accept-Encoding',
164 verbose headers   'x-amz-meta-rev': '267-20f092baf2fc72185334bb58620edd70',
164 verbose headers   server: 'cloudflare' }
165 silly get cb [ 304,
165 silly get   { date: 'Sat, 09 Mar 2019 13:25:04 GMT',
165 silly get     connection: 'keep-alive',
165 silly get     'set-cookie':
165 silly get      [ '__cfduid=d692ff20a244d55221ca2a91efeef0e6a1552137904; expires=Sun, 08-Mar-20 13:25:04 GMT; path=/; domain=.registry.npmjs.org; HttpOnly' ],
165 silly get     'cf-cache-status': 'HIT',
165 silly get     'cache-control': 'public, max-age=300',
165 silly get     'cf-ray': '4b4d5f6e29582f17-DEL',
165 silly get     etag: '"36997c0e3474fca604e8efa01cf2560f"',
165 silly get     'expect-ct': 'max-age=604800, report-uri="https://report-uri.cloudflare.com/cdn-cgi/beacon/expect-ct"',
165 silly get     'last-modified': 'Thu, 31 Jan 2019 23:05:47 GMT',
165 silly get     vary: 'Accept-Encoding',
165 silly get     'x-amz-meta-rev': '267-20f092baf2fc72185334bb58620edd70',
165 silly get     server: 'cloudflare' } ]
166 verbose etag https://registry.npmjs.org/@types%2festree from cache
167 verbose get saving @types/estree to /home/krishna/.npm/registry.npmjs.org/_40types_252festree/.cache.json
168 verbose get https://registry.npmjs.org/@types%2fnode not expired, no request
169 silly addNameRange number 2 { name: '@types/node', range: '>=11.9.5 <12.0.0', hasData: true }
170 silly addNameRange versions [ '@types/node',
170 silly addNameRange   [ '4.0.15-alpha',
170 silly addNameRange     '4.0.16-alpha',
170 silly addNameRange     '4.0.21-alpha',
170 silly addNameRange     '4.0.22-alpha',
170 silly addNameRange     '4.0.23-alpha',
170 silly addNameRange     '4.0.24-alpha',
170 silly addNameRange     '4.0.25-alpha',
170 silly addNameRange     '4.0.26-alpha',
170 silly addNameRange     '4.0.27-alpha',
170 silly addNameRange     '4.0.28-alpha',
170 silly addNameRange     '4.0.29',
170 silly addNameRange     '4.0.30',
170 silly addNameRange     '6.0.31',
170 silly addNameRange     '6.0.32',
170 silly addNameRange     '6.0.33',
170 silly addNameRange     '6.0.34',
170 silly addNameRange     '6.0.35',
170 silly addNameRange     '6.0.36',
170 silly addNameRange     '6.0.37',
170 silly addNameRange     '6.0.38',
170 silly addNameRange     '6.0.39',
170 silly addNameRange     '6.0.40',
170 silly addNameRange     '6.0.41',
170 silly addNameRange     '6.0.42',
170 silly addNameRange     '6.0.43',
170 silly addNameRange     '6.0.44',
170 silly addNameRange     '6.0.45',
170 silly addNameRange     '6.0.46',
170 silly addNameRange     '6.0.47',
170 silly addNameRange     '6.0.48',
170 silly addNameRange     '6.0.49',
170 silly addNameRange     '6.0.50',
170 silly addNameRange     '6.0.51',
170 silly addNameRange     '0.0.0',
170 silly addNameRange     '0.0.1',
170 silly addNameRange     '0.0.2',
170 silly addNameRange     '0.0.3',
170 silly addNameRange     '6.0.52',
170 silly addNameRange     '6.0.53',
170 silly addNameRange     '6.0.54',
170 silly addNameRange     '6.0.55',
170 silly addNameRange     '6.0.56',
170 silly addNameRange     '6.0.57',
170 silly addNameRange     '6.0.58',
170 silly addNameRange     '6.0.59',
170 silly addNameRange     '4.2.0',
170 silly addNameRange     '0.12.0',
170 silly addNameRange     '7.0.0',
170 silly addNameRange     '6.0.60',
170 silly addNameRange     '7.0.1',
170 silly addNameRange     '6.0.61',
170 silly addNameRange     '7.0.2',
170 silly addNameRange     '7.0.3',
170 silly addNameRange     '7.0.4',
170 silly addNameRange     '4.2.1',
170 silly addNameRange     '6.0.62',
170 silly addNameRange     '7.0.5',
170 silly addNameRange     '6.0.63',
170 silly addNameRange     '4.2.2',
170 silly addNameRange     '0.12.1',
170 silly addNameRange     '4.2.3',
170 silly addNameRange     '6.0.64',
170 silly addNameRange     '7.0.6',
170 silly addNameRange     '6.0.65',
170 silly addNameRange     '7.0.7',
170 silly addNameRange     '7.0.8',
170 silly addNameRange     '4.2.4',
170 silly addNameRange     '0.12.2',
170 silly addNameRange     '6.0.66',
170 silly addNameRange     '7.0.9',
170 silly addNameRange     '7.0.10',
170 silly addNameRange     '7.0.11',
170 silly addNameRange     '6.0.67',
170 silly addNameRange     '6.0.68',
170 silly addNameRange     '7.0.12',
170 silly addNameRange     '4.2.5',
170 silly addNameRange     '0.12.3',
170 silly addNameRange     '6.0.69',
170 silly addNameRange     '0.12.4',
170 silly addNameRange     '4.2.6',
170 silly addNameRange     '6.0.70',
170 silly addNameRange     '7.0.13',
170 silly addNameRange     '7.0.14',
170 silly addNameRange     '6.0.71',
170 silly addNameRange     '7.0.15',
170 silly addNameRange     '4.2.7',
170 silly addNameRange     '6.0.72',
170 silly addNameRange     '7.0.16',
170 silly addNameRange     '7.0.17',
170 silly addNameRange     '7.0.18',
170 silly addNameRange     '4.2.8',
170 silly addNameRange     '6.0.73',
170 silly addNameRange     '7.0.19',
170 silly addNameRange     '7.0.20',
170 silly addNameRange     '7.0.21',
170 silly addNameRange     '7.0.22',
170 silly addNameRange     '6.0.74',
170 silly addNameRange     '7.0.23',
170 silly addNameRange     '7.0.24',
170 silly addNameRange     '6.0.75',
170 silly addNameRange     ... 430 more items ] ]
171 silly addNamed @types/node@11.11.0
172 verbose addNamed "11.11.0" is a plain semver version for @types/node
173 silly resolveWithNewModule @types/estree@0.0.39 checking installable status
174 silly cache add args [ '@types/estree@0.0.39', null ]
175 verbose cache add spec @types/estree@0.0.39
176 silly cache add parsed spec Result {
176 silly cache add   raw: '@types/estree@0.0.39',
176 silly cache add   scope: '@types',
176 silly cache add   name: '@types/estree',
176 silly cache add   rawSpec: '0.0.39',
176 silly cache add   spec: '0.0.39',
176 silly cache add   type: 'version' }
177 silly addNamed @types/estree@0.0.39
178 verbose addNamed "0.0.39" is a plain semver version for @types/estree
179 silly mapToRegistry name @types/estree
180 silly mapToRegistry scope (from package name) @types
181 verbose mapToRegistry no registry URL found in name for scope @types
182 silly mapToRegistry using default registry
183 silly mapToRegistry registry https://registry.npmjs.org/
184 silly mapToRegistry uri https://registry.npmjs.org/@types%2festree
185 verbose addNameVersion registry:https://registry.npmjs.org/@types%2festree not in flight; fetching
186 verbose get https://registry.npmjs.org/@types%2festree not expired, no request
187 silly cache afterAdd @types/node@11.11.0
188 verbose afterAdd /home/krishna/.npm/@types/node/11.11.0/package/package.json not in flight; writing
189 silly cache afterAdd @types/estree@0.0.39
190 verbose afterAdd /home/krishna/.npm/@types/estree/0.0.39/package/package.json not in flight; writing
191 verbose afterAdd /home/krishna/.npm/@types/estree/0.0.39/package/package.json written
192 verbose afterAdd /home/krishna/.npm/@types/node/11.11.0/package/package.json written
193 silly fetchAndShaCheck shasum 7d25ae05bb8ad1f9b699108e1094ecd7884adc1f
194 verbose addTmpTarball /tmp/npm-2352-c9addd76/registry.npmjs.org/acorn/-/acorn-6.1.1.tgz not in flight; adding
195 verbose addTmpTarball already have metadata; skipping unpack for acorn@6.1.1
196 silly cache afterAdd acorn@6.1.1
197 verbose afterAdd /home/krishna/.npm/acorn/6.1.1/package/package.json not in flight; writing
198 verbose afterAdd /home/krishna/.npm/acorn/6.1.1/package/package.json written
199 silly loadAllDepsIntoIdealTree Finishing
200 silly idealTree:prePrune lib
200 silly idealTree:prePrune `-- rollup@1.6.0
200 silly idealTree:prePrune   +-- @types/estree@0.0.39
200 silly idealTree:prePrune   +-- @types/node@11.11.0
200 silly idealTree:prePrune   `-- acorn@6.1.1
201 silly loadIdealTree Finishing
202 silly currentTree lib
203 silly idealTree lib
203 silly idealTree `-- rollup@1.6.0
203 silly idealTree   +-- @types/estree@0.0.39
203 silly idealTree   +-- @types/node@11.11.0
203 silly idealTree   `-- acorn@6.1.1
204 silly generateActionsToTake Starting
205 silly install generateActionsToTake
206 warn checkPermissions Missing write access to /usr/local/lib/node_modules
207 silly rollbackFailedOptional Starting
208 silly rollbackFailedOptional Finishing
209 silly runTopLevelLifecycles Starting
210 silly runTopLevelLifecycles Finishing
211 silly install printInstalled
212 verbose stack Error: EACCES: permission denied, access '/usr/local/lib/node_modules'
213 verbose cwd /home/krishna/Desktop/codemirror-mode-chapel
214 error Linux 4.15.0-46-generic
215 error argv "/usr/bin/node" "/usr/bin/npm" "install" "--global" "rollup"
216 error node v8.10.0
217 error npm  v3.5.2
218 error path /usr/local/lib/node_modules
219 error code EACCES
220 error errno -13
221 error syscall access
222 error Error: EACCES: permission denied, access '/usr/local/lib/node_modules'
222 error  { Error: EACCES: permission denied, access '/usr/local/lib/node_modules'
222 error   errno: -13,
222 error   code: 'EACCES',
222 error   syscall: 'access',
222 error   path: '/usr/local/lib/node_modules' }
223 error Please try running this command again as root/Administrator.
224 verbose exit [ -13, true ]
